# JRE version: Java(TM) SE Runtime Environment (7.0_79-b15) (build 1.7.0_79-b15)
# Java VM: Java HotSpot(TM) Client VM (24.79-b02 mixed mode windows-x86 )
Heap
 def new generation   total 34944K, used 31973K [0x03a00000, 0x05fe0000, 0x13a00000)
  eden space 31104K,  98% used [0x03a00000, 0x057f2188, 0x05860000)
  from space 3840K,  34% used [0x05c20000, 0x05d675e0, 0x05fe0000)
  to   space 3840K,   0% used [0x05860000, 0x05860000, 0x05c20000)
 tenured generation   total 77536K, used 53536K [0x13a00000, 0x185b8000, 0x33a00000)
   the space 77536K,  69% used [0x13a00000, 0x16e482f0, 0x16e48400, 0x185b8000)
 compacting perm gen  total 28672K, used 28671K [0x33a00000, 0x35600000, 0x43a00000)
   the space 28672K,  99% used [0x33a00000, 0x355fffb8, 0x35600000, 0x35600000)
GC Heap History (10 events):
Event: 20.089 GC heap after
Heap after GC invocations=204 (full 3):
 def new generation   total 34944K, used 1983K [0x03a00000, 0x05fe0000, 0x13a00000)
  eden space 31104K,   0% used [0x03a00000, 0x03a00000, 0x05860000)
  from space 3840K,  51% used [0x05c20000, 0x05e0fe18, 0x05fe0000)
  to   space 3840K,   0% used [0x05860000, 0x05860000, 0x05c20000)
 tenured generation   total 77536K, used 52093K [0x13a00000, 0x185b8000, 0x33a00000)
   the space 77536K,  67% used [0x13a00000, 0x16cdf7e8, 0x16cdf800, 0x185b8000)
 compacting perm gen  total 27392K, used 27211K [0x33a00000, 0x354c0000, 0x43a00000)
   the space 27392K,  99% used [0x33a00000, 0x35492d40, 0x35492e00, 0x354c0000)
No shared spaces configured.
}
Event: 20.139 GC heap before
{Heap before GC invocations=204 (full 3):
 def new generation   total 34944K, used 33079K [0x03a00000, 0x05fe0000, 0x13a00000)
  eden space 31104K,  99% used [0x03a00000, 0x0585e1c0, 0x05860000)
  from space 3840K,  51% used [0x05c20000, 0x05e0fe18, 0x05fe0000)
  to   space 3840K,   0% used [0x05860000, 0x05860000, 0x05c20000)
 tenured generation   total 77536K, used 52093K [0x13a00000, 0x185b8000, 0x33a00000)
   the space 77536K,  67% used [0x13a00000, 0x16cdf7e8, 0x16cdf800, 0x185b8000)
 compacting perm gen  total 27392K, used 27385K [0x33a00000, 0x354c0000, 0x43a00000)
   the space 27392K,  99% used [0x33a00000, 0x354be768, 0x354be800, 0x354c0000)
No shared spaces configured.
Event: 20.145 GC heap after
Heap after GC invocations=205 (full 3):
 def new generation   total 34944K, used 1554K [0x03a00000, 0x05fe0000, 0x13a00000)
  eden space 31104K,   0% used [0x03a00000, 0x03a00000, 0x05860000)
  from space 3840K,  40% used [0x05860000, 0x059e4a88, 0x05c20000)
  to   space 3840K,   0% used [0x05c20000, 0x05c20000, 0x05fe0000)
 tenured generation   total 77536K, used 52508K [0x13a00000, 0x185b8000, 0x33a00000)
   the space 77536K,  67% used [0x13a00000, 0x16d47010, 0x16d47200, 0x185b8000)
 compacting perm gen  total 27392K, used 27385K [0x33a00000, 0x354c0000, 0x43a00000)
   the space 27392K,  99% used [0x33a00000, 0x354be768, 0x354be800, 0x354c0000)
No shared spaces configured.
}
Event: 20.281 GC heap before
{Heap before GC invocations=205 (full 3):
 def new generation   total 34944K, used 25785K [0x03a00000, 0x05fe0000, 0x13a00000)
  eden space 31104K,  77% used [0x03a00000, 0x051a99c8, 0x05860000)
  from space 3840K,  40% used [0x05860000, 0x059e4a88, 0x05c20000)
  to   space 3840K,   0% used [0x05c20000, 0x05c20000, 0x05fe0000)
 tenured generation   total 77536K, used 52508K [0x13a00000, 0x185b8000, 0x33a00000)
   the space 77536K,  67% used [0x13a00000, 0x16d47010, 0x16d47200, 0x185b8000)
 compacting perm gen  total 27904K, used 27720K [0x33a00000, 0x35540000, 0x43a00000)
   the space 27904K,  99% used [0x33a00000, 0x35512370, 0x35512400, 0x35540000)
No shared spaces configured.
Event: 20.291 GC heap after
Heap after GC invocations=206 (full 3):
 def new generation   total 34944K, used 2206K [0x03a00000, 0x05fe0000, 0x13a00000)
  eden space 31104K,   0% used [0x03a00000, 0x03a00000, 0x05860000)
  from space 3840K,  57% used [0x05c20000, 0x05e47b48, 0x05fe0000)
  to   space 3840K,   0% used [0x05860000, 0x05860000, 0x05c20000)
 tenured generation   total 77536K, used 52508K [0x13a00000, 0x185b8000, 0x33a00000)
   the space 77536K,  67% used [0x13a00000, 0x16d47010, 0x16d47200, 0x185b8000)
 compacting perm gen  total 27904K, used 27720K [0x33a00000, 0x35540000, 0x43a00000)
   the space 27904K,  99% used [0x33a00000, 0x35512370, 0x35512400, 0x35540000)
No shared spaces configured.
}
Event: 20.515 GC heap before
{Heap before GC invocations=206 (full 3):
 def new generation   total 34944K, used 33310K [0x03a00000, 0x05fe0000, 0x13a00000)
  eden space 31104K, 100% used [0x03a00000, 0x05860000, 0x05860000)
  from space 3840K,  57% used [0x05c20000, 0x05e47b48, 0x05fe0000)
  to   space 3840K,   0% used [0x05860000, 0x05860000, 0x05c20000)
 tenured generation   total 77536K, used 52508K [0x13a00000, 0x185b8000, 0x33a00000)
   the space 77536K,  67% used [0x13a00000, 0x16d47010, 0x16d47200, 0x185b8000)
 compacting perm gen  total 28672K, used 28513K [0x33a00000, 0x35600000, 0x43a00000)
   the space 28672K,  99% used [0x33a00000, 0x355d8690, 0x355d8800, 0x35600000)
No shared spaces configured.
Event: 20.524 GC heap after
Heap after GC invocations=207 (full 3):
 def new generation   total 34944K, used 1874K [0x03a00000, 0x05fe0000, 0x13a00000)
  eden space 31104K,   0% used [0x03a00000, 0x03a00000, 0x05860000)
  from space 3840K,  48% used [0x05860000, 0x05a34960, 0x05c20000)
  to   space 3840K,   0% used [0x05c20000, 0x05c20000, 0x05fe0000)
 tenured generation   total 77536K, used 53536K [0x13a00000, 0x185b8000, 0x33a00000)
   the space 77536K,  69% used [0x13a00000, 0x16e482f0, 0x16e48400, 0x185b8000)
 compacting perm gen  total 28672K, used 28513K [0x33a00000, 0x35600000, 0x43a00000)
   the space 28672K,  99% used [0x33a00000, 0x355d8690, 0x355d8800, 0x35600000)
No shared spaces configured.
}
Event: 20.571 GC heap before
{Heap before GC invocations=207 (full 3):
 def new generation   total 34944K, used 24169K [0x03a00000, 0x05fe0000, 0x13a00000)
  eden space 31104K,  71% used [0x03a00000, 0x04fc5bc8, 0x05860000)
  from space 3840K,  48% used [0x05860000, 0x05a34960, 0x05c20000)
  to   space 3840K,   0% used [0x05c20000, 0x05c20000, 0x05fe0000)
 tenured generation   total 77536K, used 53536K [0x13a00000, 0x185b8000, 0x33a00000)
   the space 77536K,  69% used [0x13a00000, 0x16e482f0, 0x16e48400, 0x185b8000)
 compacting perm gen  total 28672K, used 28569K [0x33a00000, 0x35600000, 0x43a00000)
   the space 28672K,  99% used [0x33a00000, 0x355e6470, 0x355e6600, 0x35600000)
No shared spaces configured.
Event: 20.576 GC heap after
Heap after GC invocations=208 (full 3):
 def new generation   total 34944K, used 1309K [0x03a00000, 0x05fe0000, 0x13a00000)
  eden space 31104K,   0% used [0x03a00000, 0x03a00000, 0x05860000)
  from space 3840K,  34% used [0x05c20000, 0x05d675e0, 0x05fe0000)
  to   space 3840K,   0% used [0x05860000, 0x05860000, 0x05c20000)
 tenured generation   total 77536K, used 53536K [0x13a00000, 0x185b8000, 0x33a00000)
   the space 77536K,  69% used [0x13a00000, 0x16e482f0, 0x16e48400, 0x185b8000)
 compacting perm gen  total 28672K, used 28569K [0x33a00000, 0x35600000, 0x43a00000)
   the space 28672K,  99% used [0x33a00000, 0x355e6470, 0x355e6600, 0x35600000)
No shared spaces configured.
}
Event: 20.628 GC heap before
{Heap before GC invocations=208 (full 3):
 def new generation   total 34944K, used 31973K [0x03a00000, 0x05fe0000, 0x13a00000)
  eden space 31104K,  98% used [0x03a00000, 0x057f2188, 0x05860000)
  from space 3840K,  34% used [0x05c20000, 0x05d675e0, 0x05fe0000)
  to   space 3840K,   0% used [0x05860000, 0x05860000, 0x05c20000)
 tenured generation   total 77536K, used 53536K [0x13a00000, 0x185b8000, 0x33a00000)
   the space 77536K,  69% used [0x13a00000, 0x16e482f0, 0x16e48400, 0x185b8000)
 compacting perm gen  total 28672K, used 28671K [0x33a00000, 0x35600000, 0x43a00000)
   the space 28672K,  99% used [0x33a00000, 0x355fffb8, 0x35600000, 0x35600000)
No shared spaces configured.

